\BOOKMARK [0][-]{section*.1}{\376\377\116\055\145\207\144\130\211\201}{}% 1
\BOOKMARK [0][-]{section*.2}{\376\377\000A\000B\000S\000T\000R\000A\000C\000T}{}% 2
\BOOKMARK [0][-]{chapter*.3}{\376\377\166\356\137\125}{}% 3
\BOOKMARK [0][-]{chapter*.4}{\376\377\143\322\126\376\166\356\137\125}{}% 4
\BOOKMARK [0][-]{chapter*.5}{\376\377\210\150\150\074\166\356\137\125}{}% 5
\BOOKMARK [0][-]{chapter.1}{\376\377\173\054\116\000\172\340\000\040\176\352\213\272}{}% 6
\BOOKMARK [1][-]{section.1.1}{\376\377\0001\000.\0001\000\040\170\024\172\166\200\314\146\157}{chapter.1}% 7
\BOOKMARK [1][-]{section.1.2}{\376\377\0001\000.\0002\000\040\170\024\172\166\163\260\162\266}{chapter.1}% 8
\BOOKMARK [1][-]{section.1.3}{\376\377\0001\000.\0003\000\040\147\054\145\207\135\345\117\134}{chapter.1}% 9
\BOOKMARK [1][-]{section.1.4}{\376\377\0001\000.\0004\000\040\147\054\145\207\176\304\176\307}{chapter.1}% 10
\BOOKMARK [0][-]{chapter.2}{\376\377\173\054\116\214\172\340\000\040\200\314\146\157\167\345\213\306\116\016\166\370\121\163\135\345\117\134}{}% 11
\BOOKMARK [1][-]{section.2.1}{\376\377\0002\000.\0001\000\040\152\041\127\213\060\001\213\241\173\227\126\376\116\016\213\276\131\007}{chapter.2}% 12
\BOOKMARK [2][-]{subsection.2.1.1}{\376\377\0002\000.\0001\000.\0001\000\040\152\041\127\213}{section.2.1}% 13
\BOOKMARK [2][-]{subsection.2.1.2}{\376\377\0002\000.\0001\000.\0002\000\040\213\241\173\227\126\376}{section.2.1}% 14
\BOOKMARK [2][-]{subsection.2.1.3}{\376\377\0002\000.\0001\000.\0003\000\040\213\276\131\007}{section.2.1}% 15
\BOOKMARK [1][-]{section.2.2}{\376\377\0002\000.\0002\000\040\122\006\136\003\137\017\155\361\136\246\133\146\116\140}{chapter.2}% 16
\BOOKMARK [2][-]{subsection.2.2.1}{\376\377\0002\000.\0002\000.\0001\000\040\145\160\143\156\136\166\210\114\123\026}{section.2.2}% 17
\BOOKMARK [2][-]{subsection.2.2.2}{\376\377\0002\000.\0002\000.\0002\000\040\152\041\127\213\136\166\210\114\123\026}{section.2.2}% 18
\BOOKMARK [1][-]{section.2.3}{\376\377\0002\000.\0003\000\040\152\041\127\213\122\022\122\006\142\200\147\057}{chapter.2}% 19
\BOOKMARK [1][-]{section.2.4}{\376\377\0002\000.\0004\000\040\147\054\172\340\134\017\176\323}{chapter.2}% 20
\BOOKMARK [0][-]{chapter.3}{\376\377\173\054\116\011\172\340\000\040\131\047\127\213\171\136\176\317\177\121\176\334\213\255\176\303\150\106\147\266\166\204\133\236\163\260}{}% 21
\BOOKMARK [1][-]{section.3.1}{\376\377\0003\000.\0001\000\040\000N\000e\000t\000S\000p\000l\000i\000t\151\202\217\360}{chapter.3}% 22
\BOOKMARK [1][-]{section.3.2}{\376\377\0003\000.\0002\000\040\152\041\127\213\176\323\147\204\122\006\147\220}{chapter.3}% 23
\BOOKMARK [2][-]{subsection.3.2.1}{\376\377\0003\000.\0002\000.\0001\000\040\203\267\123\326\213\241\173\227\126\376}{section.3.2}% 24
\BOOKMARK [2][-]{subsection.3.2.2}{\376\377\0003\000.\0002\000.\0002\000\040\152\041\127\213\221\315\136\372}{section.3.2}% 25
\BOOKMARK [1][-]{section.3.3}{\376\377\0003\000.\0003\000\040\220\032\117\341\116\343\116\367\136\372\152\041}{chapter.3}% 26
\BOOKMARK [1][-]{section.3.4}{\376\377\0003\000.\0004\000\040\146\076\133\130\116\343\116\367\117\060\213\241}{chapter.3}% 27
\BOOKMARK [1][-]{section.3.5}{\376\377\0003\000.\0005\000\040\213\241\173\227\116\343\116\367\122\006\147\220}{chapter.3}% 28
\BOOKMARK [1][-]{section.3.6}{\376\377\0003\000.\0006\000\040\152\041\127\213\122\022\122\006\116\016\213\255\176\303}{chapter.3}% 29
\BOOKMARK [1][-]{section.3.7}{\376\377\0003\000.\0007\000\040\147\054\172\340\134\017\176\323}{chapter.3}% 30
\BOOKMARK [0][-]{chapter.4}{\376\377\173\054\126\333\172\340\000\040\152\041\127\213\201\352\122\250\123\026\122\022\122\006\145\271\154\325\213\276\213\241\116\016\133\236\163\260}{}% 31
\BOOKMARK [1][-]{section.4.1}{\376\377\0004\000.\0001\000\040\152\041\127\213\122\022\122\006\166\204\137\142\137\017\123\026\133\232\116\111}{chapter.4}% 32
\BOOKMARK [1][-]{section.4.2}{\376\377\0004\000.\0002\000\040\127\372\116\216\176\246\147\137\117\030\123\026\166\204\152\041\127\213\122\022\122\006}{chapter.4}% 33
\BOOKMARK [2][-]{subsection.4.2.1}{\376\377\0004\000.\0002\000.\0001\000\040\000P\000e\000s\000t\000o\166\204\176\246\147\137\117\030\123\026}{section.4.2}% 34
\BOOKMARK [2][-]{subsection.4.2.2}{\376\377\0004\000.\0002\000.\0002\000\040\000N\000e\000t\000S\000p\000l\000i\000t\166\204\176\246\147\137\117\030\123\026}{section.4.2}% 35
\BOOKMARK [2][-]{subsection.4.2.3}{\376\377\0004\000.\0002\000.\0003\000\040\202\202\160\271\123\117\124\014\145\076\177\156}{section.4.2}% 36
\BOOKMARK [2][-]{subsection.4.2.4}{\376\377\0004\000.\0002\000.\0004\000\040\133\236\163\260\000:\117\177\165\050\000P\000I\000C\000O\000S\124\214\000G\000u\000r\000o\000b\000i}{section.4.2}% 37
\BOOKMARK [1][-]{section.4.3}{\376\377\0004\000.\0003\000\040\147\054\172\340\134\017\176\323}{chapter.4}% 38
\BOOKMARK [0][-]{chapter.5}{\376\377\173\054\116\224\172\340\000\040\133\236\232\214\213\304\117\060}{}% 39
\BOOKMARK [1][-]{section.5.1}{\376\377\0005\000.\0001\000\040\133\236\232\214\213\276\177\156}{chapter.5}% 40
\BOOKMARK [2][-]{subsection.5.1.1}{\376\377\0005\000.\0001\000.\0001\000\040\170\154\116\366\163\257\130\203}{section.5.1}% 41
\BOOKMARK [2][-]{subsection.5.1.2}{\376\377\0005\000.\0001\000.\0002\000\040\152\041\127\213\116\016\145\160\143\156\226\306}{section.5.1}% 42
\BOOKMARK [1][-]{section.5.2}{\376\377\0005\000.\0002\000\040\213\255\176\303\140\047\200\375\232\214\213\301}{chapter.5}% 43
\BOOKMARK [2][-]{subsection.5.2.1}{\376\377\0005\000.\0002\000.\0001\000\040\133\371\153\324\145\271\154\325}{section.5.2}% 44
\BOOKMARK [2][-]{subsection.5.2.2}{\376\377\0005\000.\0002\000.\0002\000\040\133\236\232\214\176\323\147\234\123\312\122\006\147\220}{section.5.2}% 45
\BOOKMARK [2][-]{subsection.5.2.3}{\376\377\0005\000.\0002\000.\0003\000\040\147\011\145\110\140\047\132\001\200\301\122\006\147\220}{section.5.2}% 46
\BOOKMARK [1][-]{section.5.3}{\376\377\0005\000.\0003\000\040\213\255\176\303\145\066\145\133\140\047\232\214\213\301}{chapter.5}% 47
\BOOKMARK [2][-]{subsection.5.3.1}{\376\377\0005\000.\0003\000.\0001\000\040\133\371\153\324\145\271\154\325}{section.5.3}% 48
\BOOKMARK [2][-]{subsection.5.3.2}{\376\377\0005\000.\0003\000.\0002\000\040\133\236\232\214\176\323\147\234\123\312\122\006\147\220}{section.5.3}% 49
\BOOKMARK [1][-]{section.5.4}{\376\377\0005\000.\0004\000\040\147\054\172\340\134\017\176\323}{chapter.5}% 50
\BOOKMARK [0][-]{chapter.6}{\376\377\173\054\121\155\172\340\000\040\140\073\176\323\116\016\134\125\147\033}{}% 51
\BOOKMARK [1][-]{section.6.1}{\376\377\0006\000.\0001\000\040\135\345\117\134\140\073\176\323}{chapter.6}% 52
\BOOKMARK [1][-]{section.6.2}{\376\377\0006\000.\0002\000\040\135\345\117\134\134\125\147\033}{chapter.6}% 53
\BOOKMARK [0][-]{chapter*.38}{\376\377\123\302\200\003\145\207\163\056}{}% 54
\BOOKMARK [0][-]{chapter*.39}{\376\377\201\364\214\042}{}% 55
\BOOKMARK [0][-]{chapter*.40}{\376\377\173\200\123\206\116\016\171\321\170\024\142\020\147\234}{}% 56
\BOOKMARK [0][-]{section*.45}{\376\377\133\146\117\115\213\272\145\207\121\372\162\110\143\210\147\103\116\146}{}% 57
